This is pdfTeX, Version 3.14159265-2.6-1.40.19 (TeX Live 2018/Cygwin) (preloaded format=latex 2018.11.11)  30 APR 2019 13:38
entering extended mode
 restricted \write18 enabled.
 %&-line parsing enabled.
**thesis
(./thesis.tex
LaTeX2e <2018-04-01> patch level 2
Babel <3.18> and hyphenation patterns for 83 language(s) loaded.
(./uathesis.cls
Document Class: uathesis 1995/11/20 University of Arizona Thesis Class
(/usr/share/texmf-dist/tex/latex/base/report.cls
Document Class: report 2014/09/29 v1.4h Standard LaTeX document class
(/usr/share/texmf-dist/tex/latex/base/size12.clo
File: size12.clo 2014/09/29 v1.4h Standard LaTeX file (size option)
)
\c@part=\count80
\c@chapter=\count81
\c@section=\count82
\c@subsection=\count83
\c@subsubsection=\count84
\c@paragraph=\count85
\c@subparagraph=\count86
\c@figure=\count87
\c@table=\count88
\abovecaptionskip=\skip41
\belowcaptionskip=\skip42
\bibindent=\dimen102
)
\@capwidth=\skip43
\@twoparindent=\skip44
\signwidth=\skip45
\datewidth=\skip46
)
(/usr/share/texmf-dist/tex/latex/graphics/epsfig.sty
Package: epsfig 2017/06/25 v1.7b (e)psfig emulation (SPQR)

(/usr/share/texmf-dist/tex/latex/graphics/graphicx.sty
Package: graphicx 2017/06/01 v1.1a Enhanced LaTeX Graphics (DPC,SPQR)

(/usr/share/texmf-dist/tex/latex/graphics/keyval.sty
Package: keyval 2014/10/28 v1.15 key=value parser (DPC)
\KV@toks@=\toks14
)
(/usr/share/texmf-dist/tex/latex/graphics/graphics.sty
Package: graphics 2017/06/25 v1.2c Standard LaTeX Graphics (DPC,SPQR)

(/usr/share/texmf-dist/tex/latex/graphics/trig.sty
Package: trig 2016/01/03 v1.10 sin cos tan (DPC)
)
(/usr/share/texmf-dist/tex/latex/graphics-cfg/graphics.cfg
File: graphics.cfg 2016/06/04 v1.11 sample graphics configuration
)
Package graphics Info: Driver file: dvips.def on input line 99.

(/usr/share/texmf-dist/tex/latex/graphics-def/dvips.def
File: dvips.def 2017/06/20 v3.1d Graphics/color driver for dvips
))
\Gin@req@height=\dimen103
\Gin@req@width=\dimen104
)
\epsfxsize=\dimen105
\epsfysize=\dimen106
) (./thesis.aux
(./preface.aux) (./intro.aux) (./bg.aux) (./theory.aux) (./results.aux)
(./concl.aux) (./details.aux) (./refs.aux))
\openout1 = `thesis.aux'.

LaTeX Font Info:    Checking defaults for OML/cmm/m/it on input line 20.
LaTeX Font Info:    ... okay on input line 20.
LaTeX Font Info:    Checking defaults for T1/cmr/m/n on input line 20.
LaTeX Font Info:    ... okay on input line 20.
LaTeX Font Info:    Checking defaults for OT1/cmr/m/n on input line 20.
LaTeX Font Info:    ... okay on input line 20.
LaTeX Font Info:    Checking defaults for OMS/cmsy/m/n on input line 20.
LaTeX Font Info:    ... okay on input line 20.
LaTeX Font Info:    Checking defaults for OMX/cmex/m/n on input line 20.
LaTeX Font Info:    ... okay on input line 20.
LaTeX Font Info:    Checking defaults for U/cmr/m/n on input line 20.
LaTeX Font Info:    ... okay on input line 20.


File choices: preface,intro,bg,theory,results,concl,details,refs
Enter files to be included (default = all files).

\typedfiles=
Using all input files: preface,intro,bg,theory,results,concl,details,refs.
Running in batch mode. See *.log file for error messages.

\openout2 = `preface.aux'.

(./preface.tex
LaTeX Font Info:    External font `cmex10' loaded for size
(Font)              <12> on input line 16.
LaTeX Font Info:    External font `cmex10' loaded for size
(Font)              <8> on input line 16.
LaTeX Font Info:    External font `cmex10' loaded for size
(Font)              <6> on input line 16.
LaTeX Font Info:    Try loading font information for OMS+cmr on input line 16.
(/usr/share/texmf-dist/tex/latex/base/omscmr.fd
File: omscmr.fd 2014/09/29 v2.5h Standard LaTeX font definitions
)
LaTeX Font Info:    Font shape `OMS/cmr/m/n' in size <10> not available
(Font)              Font shape `OMS/cmsy/m/n' tried instead on input line 16.
[1


] [2] [3] [4] [5] (./thesis.toc)
\tf@toc=\write3
\openout3 = `thesis.toc'.

[6

] (./thesis.lof)
\tf@lof=\write4
\openout4 = `thesis.lof'.

[7

] (./thesis.lot)
\tf@lot=\write5
\openout5 = `thesis.lot'.

[8

] (./abst.tex)) [9

]
\openout2 = `intro.aux'.

(./intro.tex
CHAPTER 1.
) [10



]
\openout2 = `bg.aux'.

(./bg.tex
CHAPTER 2.
[11



]) [12]
\openout2 = `theory.aux'.

(./theory.tex
CHAPTER 3.
[13



]) [14]
\openout2 = `results.aux'.

(./results.tex
CHAPTER 4.
File: fig-nifty.eps Graphic file (type eps)
<fig-nifty.eps> [15



]) [16]
\openout2 = `concl.aux'.

(./concl.tex
CHAPTER 5.
) [17



]
\openout2 = `details.aux'.

(./details.tex
APPENDIX A.
) [18



]
\openout2 = `refs.aux'.

(./refs.tex [19



]) [20] (./thesis.aux (./preface.aux) (./intro.aux) (./bg.aux) (./theory.aux) (
./results.aux) (./concl.aux) (./details.aux) (./refs.aux)) ) 
Here is how much of TeX's memory you used:
 816 strings out of 492659
 9480 string characters out of 6136222
 73842 words of memory out of 5000000
 4675 multiletter control sequences out of 15000+600000
 7935 words of font info for 28 fonts, out of 8000000 for 9000
 1141 hyphenation exceptions out of 8191
 32i,8n,21p,235b,256s stack positions out of 5000i,500n,10000p,200000b,80000s

Output written on thesis.dvi (20 pages, 27264 bytes).
